{"/run/media/siddhantuniyal/DATA/PROGRAMMING/DEV_OR_ML/PROJECTS/unicode_node_lp/app.js": {"path":"/run/media/siddhantuniyal/DATA/PROGRAMMING/DEV_OR_ML/PROJECTS/unicode_node_lp/app.js","statementMap":{"0":{"start":{"line":1,"column":16},"end":{"line":1,"column":34}},"1":{"start":{"line":2,"column":15},"end":{"line":2,"column":32}},"2":{"start":{"line":3,"column":19},"end":{"line":3,"column":46}},"3":{"start":{"line":4,"column":23},"end":{"line":4,"column":54}},"4":{"start":{"line":5,"column":22},"end":{"line":5,"column":51}},"5":{"start":{"line":6,"column":23},"end":{"line":6,"column":53}},"6":{"start":{"line":7,"column":21},"end":{"line":7,"column":54}},"7":{"start":{"line":8,"column":18},"end":{"line":8,"column":35}},"8":{"start":{"line":9,"column":13},"end":{"line":9,"column":28}},"9":{"start":{"line":12,"column":12},"end":{"line":12,"column":21}},"10":{"start":{"line":14,"column":0},"end":{"line":14,"column":31}},"11":{"start":{"line":16,"column":0},"end":{"line":16,"column":36}},"12":{"start":{"line":18,"column":0},"end":{"line":20,"column":2}},"13":{"start":{"line":23,"column":0},"end":{"line":23,"column":23}},"14":{"start":{"line":24,"column":0},"end":{"line":24,"column":80}},"15":{"start":{"line":25,"column":0},"end":{"line":25,"column":19}},"16":{"start":{"line":26,"column":0},"end":{"line":26,"column":23}},"17":{"start":{"line":27,"column":0},"end":{"line":27,"column":21}},"18":{"start":{"line":28,"column":0},"end":{"line":28,"column":22}},"19":{"start":{"line":29,"column":0},"end":{"line":29,"column":21}},"20":{"start":{"line":30,"column":0},"end":{"line":30,"column":15}},"21":{"start":{"line":32,"column":0},"end":{"line":32,"column":25}}},"fnMap":{},"branchMap":{},"s":{"0":1,"1":1,"2":1,"3":1,"4":1,"5":1,"6":1,"7":1,"8":1,"9":1,"10":1,"11":1,"12":1,"13":1,"14":1,"15":1,"16":1,"17":1,"18":1,"19":1,"20":1,"21":1},"f":{},"b":{},"_coverageSchema":"1a1c01bbd47fc00a2c39e90264f33305004495a9","hash":"0f8d423961abffe40abdf2cfe5df02efd2976e56"}
,"/run/media/siddhantuniyal/DATA/PROGRAMMING/DEV_OR_ML/PROJECTS/unicode_node_lp/controllers/answer.js": {"path":"/run/media/siddhantuniyal/DATA/PROGRAMMING/DEV_OR_ML/PROJECTS/unicode_node_lp/controllers/answer.js","statementMap":{"0":{"start":{"line":1,"column":16},"end":{"line":1,"column":46}},"1":{"start":{"line":2,"column":17},"end":{"line":2,"column":49}},"2":{"start":{"line":3,"column":13},"end":{"line":3,"column":41}},"3":{"start":{"line":4,"column":21},"end":{"line":4,"column":56}},"4":{"start":{"line":7,"column":18},"end":{"line":59,"column":1}},"5":{"start":{"line":8,"column":4},"end":{"line":57,"column":1}},"6":{"start":{"line":9,"column":21},"end":{"line":9,"column":29}},"7":{"start":{"line":10,"column":23},"end":{"line":10,"column":44}},"8":{"start":{"line":11,"column":26},"end":{"line":15,"column":6}},"9":{"start":{"line":19,"column":4},"end":{"line":19,"column":31}},"10":{"start":{"line":21,"column":4},"end":{"line":30,"column":7}},"11":{"start":{"line":22,"column":8},"end":{"line":27,"column":10}},"12":{"start":{"line":29,"column":8},"end":{"line":29,"column":86}},"13":{"start":{"line":33,"column":6},"end":{"line":42,"column":7}},"14":{"start":{"line":34,"column":8},"end":{"line":39,"column":10}},"15":{"start":{"line":41,"column":8},"end":{"line":41,"column":82}},"16":{"start":{"line":45,"column":4},"end":{"line":50,"column":6}},"17":{"start":{"line":54,"column":4},"end":{"line":56,"column":7}},"18":{"start":{"line":60,"column":18},"end":{"line":77,"column":1}},"19":{"start":{"line":62,"column":4},"end":{"line":75,"column":1}},"20":{"start":{"line":64,"column":20},"end":{"line":64,"column":64}},"21":{"start":{"line":66,"column":4},"end":{"line":69,"column":6}},"22":{"start":{"line":72,"column":4},"end":{"line":74,"column":7}},"23":{"start":{"line":78,"column":21},"end":{"line":100,"column":1}},"24":{"start":{"line":80,"column":4},"end":{"line":96,"column":1}},"25":{"start":{"line":81,"column":26},"end":{"line":85,"column":5}},"26":{"start":{"line":87,"column":4},"end":{"line":87,"column":97}},"27":{"start":{"line":87,"column":23},"end":{"line":87,"column":97}},"28":{"start":{"line":89,"column":5},"end":{"line":93,"column":6}},"29":{"start":{"line":95,"column":4},"end":{"line":95,"column":21}},"30":{"start":{"line":101,"column":21},"end":{"line":151,"column":1}},"31":{"start":{"line":102,"column":4},"end":{"line":150,"column":1}},"32":{"start":{"line":104,"column":27},"end":{"line":104,"column":69}},"33":{"start":{"line":106,"column":4},"end":{"line":106,"column":98}},"34":{"start":{"line":106,"column":24},"end":{"line":106,"column":98}},"35":{"start":{"line":108,"column":21},"end":{"line":108,"column":40}},"36":{"start":{"line":111,"column":4},"end":{"line":113,"column":5}},"37":{"start":{"line":112,"column":8},"end":{"line":112,"column":93}},"38":{"start":{"line":115,"column":4},"end":{"line":115,"column":55}},"39":{"start":{"line":118,"column":4},"end":{"line":126,"column":5}},"40":{"start":{"line":127,"column":4},"end":{"line":135,"column":5}},"41":{"start":{"line":139,"column":5},"end":{"line":143,"column":3}},"42":{"start":{"line":147,"column":4},"end":{"line":149,"column":7}},"43":{"start":{"line":154,"column":21},"end":{"line":174,"column":1}},"44":{"start":{"line":155,"column":4},"end":{"line":165,"column":5}},"45":{"start":{"line":156,"column":8},"end":{"line":161,"column":9}},"46":{"start":{"line":164,"column":8},"end":{"line":164,"column":69}},"47":{"start":{"line":168,"column":4},"end":{"line":173,"column":6}},"48":{"start":{"line":177,"column":23},"end":{"line":200,"column":1}},"49":{"start":{"line":179,"column":4},"end":{"line":192,"column":5}},"50":{"start":{"line":181,"column":23},"end":{"line":181,"column":65}},"51":{"start":{"line":183,"column":27},"end":{"line":183,"column":63}},"52":{"start":{"line":185,"column":8},"end":{"line":188,"column":9}},"53":{"start":{"line":191,"column":8},"end":{"line":191,"column":69}},"54":{"start":{"line":195,"column":4},"end":{"line":199,"column":6}},"55":{"start":{"line":205,"column":0},"end":{"line":205,"column":103}}},"fnMap":{"0":{"name":"(anonymous_0)","decl":{"start":{"line":7,"column":18},"end":{"line":7,"column":19}},"loc":{"start":{"line":7,"column":44},"end":{"line":59,"column":1}},"line":7},"1":{"name":"(anonymous_1)","decl":{"start":{"line":60,"column":18},"end":{"line":60,"column":19}},"loc":{"start":{"line":60,"column":38},"end":{"line":77,"column":1}},"line":60},"2":{"name":"(anonymous_2)","decl":{"start":{"line":78,"column":21},"end":{"line":78,"column":22}},"loc":{"start":{"line":78,"column":47},"end":{"line":100,"column":1}},"line":78},"3":{"name":"(anonymous_3)","decl":{"start":{"line":101,"column":21},"end":{"line":101,"column":22}},"loc":{"start":{"line":101,"column":48},"end":{"line":151,"column":1}},"line":101},"4":{"name":"(anonymous_4)","decl":{"start":{"line":154,"column":21},"end":{"line":154,"column":22}},"loc":{"start":{"line":154,"column":46},"end":{"line":174,"column":1}},"line":154},"5":{"name":"(anonymous_5)","decl":{"start":{"line":177,"column":23},"end":{"line":177,"column":24}},"loc":{"start":{"line":177,"column":51},"end":{"line":200,"column":1}},"line":177}},"branchMap":{"0":{"loc":{"start":{"line":87,"column":4},"end":{"line":87,"column":97}},"type":"if","locations":[{"start":{"line":87,"column":4},"end":{"line":87,"column":97}},{"start":{},"end":{}}],"line":87},"1":{"loc":{"start":{"line":106,"column":4},"end":{"line":106,"column":98}},"type":"if","locations":[{"start":{"line":106,"column":4},"end":{"line":106,"column":98}},{"start":{},"end":{}}],"line":106},"2":{"loc":{"start":{"line":111,"column":4},"end":{"line":113,"column":5}},"type":"if","locations":[{"start":{"line":111,"column":4},"end":{"line":113,"column":5}},{"start":{},"end":{}}],"line":111},"3":{"loc":{"start":{"line":111,"column":7},"end":{"line":111,"column":56}},"type":"binary-expr","locations":[{"start":{"line":111,"column":7},"end":{"line":111,"column":35}},{"start":{"line":111,"column":39},"end":{"line":111,"column":56}}],"line":111},"4":{"loc":{"start":{"line":187,"column":12},"end":{"line":187,"column":134}},"type":"cond-expr","locations":[{"start":{"line":187,"column":25},"end":{"line":187,"column":95}},{"start":{"line":187,"column":98},"end":{"line":187,"column":134}}],"line":187}},"s":{"0":1,"1":1,"2":1,"3":1,"4":1,"5":1,"6":1,"7":1,"8":1,"9":1,"10":1,"11":1,"12":0,"13":1,"14":1,"15":0,"16":1,"17":0,"18":1,"19":1,"20":1,"21":1,"22":0,"23":1,"24":1,"25":1,"26":1,"27":0,"28":1,"29":0,"30":1,"31":2,"32":2,"33":2,"34":0,"35":2,"36":2,"37":1,"38":1,"39":1,"40":1,"41":1,"42":0,"43":1,"44":1,"45":1,"46":0,"47":1,"48":1,"49":1,"50":1,"51":1,"52":1,"53":0,"54":1,"55":1},"f":{"0":1,"1":1,"2":1,"3":2,"4":1,"5":1},"b":{"0":[0,1],"1":[0,2],"2":[1,1],"3":[2,1],"4":[0,1]},"_coverageSchema":"1a1c01bbd47fc00a2c39e90264f33305004495a9","hash":"1bfd9b5155193a45bb02dbb1b8a958e8aeb00ece"}
,"/run/media/siddhantuniyal/DATA/PROGRAMMING/DEV_OR_ML/PROJECTS/unicode_node_lp/controllers/comment.js": {"path":"/run/media/siddhantuniyal/DATA/PROGRAMMING/DEV_OR_ML/PROJECTS/unicode_node_lp/controllers/comment.js","statementMap":{"0":{"start":{"line":1,"column":17},"end":{"line":1,"column":48}},"1":{"start":{"line":2,"column":17},"end":{"line":2,"column":49}},"2":{"start":{"line":3,"column":15},"end":{"line":3,"column":45}},"3":{"start":{"line":4,"column":13},"end":{"line":4,"column":41}},"4":{"start":{"line":5,"column":21},"end":{"line":5,"column":56}},"5":{"start":{"line":9,"column":19},"end":{"line":73,"column":1}},"6":{"start":{"line":10,"column":4},"end":{"line":71,"column":1}},"7":{"start":{"line":11,"column":35},"end":{"line":11,"column":43}},"8":{"start":{"line":12,"column":21},"end":{"line":12,"column":40}},"9":{"start":{"line":13,"column":27},"end":{"line":18,"column":6}},"10":{"start":{"line":21,"column":4},"end":{"line":21,"column":32}},"11":{"start":{"line":24,"column":4},"end":{"line":45,"column":5}},"12":{"start":{"line":25,"column":4},"end":{"line":33,"column":5}},"13":{"start":{"line":36,"column":8},"end":{"line":44,"column":9}},"14":{"start":{"line":48,"column":4},"end":{"line":56,"column":5}},"15":{"start":{"line":60,"column":4},"end":{"line":65,"column":6}},"16":{"start":{"line":68,"column":4},"end":{"line":70,"column":7}},"17":{"start":{"line":74,"column":19},"end":{"line":91,"column":1}},"18":{"start":{"line":76,"column":4},"end":{"line":89,"column":1}},"19":{"start":{"line":78,"column":21},"end":{"line":78,"column":66}},"20":{"start":{"line":80,"column":4},"end":{"line":83,"column":6}},"21":{"start":{"line":86,"column":4},"end":{"line":88,"column":7}},"22":{"start":{"line":92,"column":22},"end":{"line":114,"column":1}},"23":{"start":{"line":94,"column":4},"end":{"line":110,"column":1}},"24":{"start":{"line":95,"column":27},"end":{"line":99,"column":5}},"25":{"start":{"line":101,"column":4},"end":{"line":101,"column":99}},"26":{"start":{"line":101,"column":24},"end":{"line":101,"column":99}},"27":{"start":{"line":103,"column":5},"end":{"line":107,"column":6}},"28":{"start":{"line":109,"column":4},"end":{"line":109,"column":21}},"29":{"start":{"line":115,"column":22},"end":{"line":178,"column":1}},"30":{"start":{"line":116,"column":4},"end":{"line":177,"column":1}},"31":{"start":{"line":118,"column":28},"end":{"line":118,"column":72}},"32":{"start":{"line":120,"column":4},"end":{"line":120,"column":100}},"33":{"start":{"line":120,"column":25},"end":{"line":120,"column":100}},"34":{"start":{"line":122,"column":21},"end":{"line":122,"column":41}},"35":{"start":{"line":124,"column":4},"end":{"line":126,"column":5}},"36":{"start":{"line":125,"column":8},"end":{"line":125,"column":94}},"37":{"start":{"line":129,"column":4},"end":{"line":129,"column":59}},"38":{"start":{"line":131,"column":23},"end":{"line":131,"column":49}},"39":{"start":{"line":132,"column":4},"end":{"line":153,"column":5}},"40":{"start":{"line":133,"column":4},"end":{"line":141,"column":5}},"41":{"start":{"line":144,"column":8},"end":{"line":152,"column":9}},"42":{"start":{"line":154,"column":4},"end":{"line":162,"column":5}},"43":{"start":{"line":166,"column":5},"end":{"line":170,"column":3}},"44":{"start":{"line":174,"column":4},"end":{"line":176,"column":7}},"45":{"start":{"line":182,"column":22},"end":{"line":202,"column":1}},"46":{"start":{"line":183,"column":4},"end":{"line":193,"column":5}},"47":{"start":{"line":184,"column":8},"end":{"line":189,"column":9}},"48":{"start":{"line":192,"column":8},"end":{"line":192,"column":70}},"49":{"start":{"line":196,"column":4},"end":{"line":201,"column":6}},"50":{"start":{"line":205,"column":24},"end":{"line":229,"column":1}},"51":{"start":{"line":207,"column":4},"end":{"line":220,"column":5}},"52":{"start":{"line":209,"column":24},"end":{"line":209,"column":68}},"53":{"start":{"line":211,"column":27},"end":{"line":211,"column":64}},"54":{"start":{"line":213,"column":8},"end":{"line":216,"column":9}},"55":{"start":{"line":219,"column":8},"end":{"line":219,"column":70}},"56":{"start":{"line":223,"column":4},"end":{"line":228,"column":6}},"57":{"start":{"line":233,"column":0},"end":{"line":233,"column":109}}},"fnMap":{"0":{"name":"(anonymous_0)","decl":{"start":{"line":9,"column":19},"end":{"line":9,"column":20}},"loc":{"start":{"line":9,"column":38},"end":{"line":73,"column":1}},"line":9},"1":{"name":"(anonymous_1)","decl":{"start":{"line":74,"column":19},"end":{"line":74,"column":20}},"loc":{"start":{"line":74,"column":39},"end":{"line":91,"column":1}},"line":74},"2":{"name":"(anonymous_2)","decl":{"start":{"line":92,"column":22},"end":{"line":92,"column":23}},"loc":{"start":{"line":92,"column":41},"end":{"line":114,"column":1}},"line":92},"3":{"name":"(anonymous_3)","decl":{"start":{"line":115,"column":22},"end":{"line":115,"column":23}},"loc":{"start":{"line":115,"column":49},"end":{"line":178,"column":1}},"line":115},"4":{"name":"(anonymous_4)","decl":{"start":{"line":182,"column":22},"end":{"line":182,"column":23}},"loc":{"start":{"line":182,"column":40},"end":{"line":202,"column":1}},"line":182},"5":{"name":"(anonymous_5)","decl":{"start":{"line":205,"column":24},"end":{"line":205,"column":25}},"loc":{"start":{"line":205,"column":52},"end":{"line":229,"column":1}},"line":205}},"branchMap":{"0":{"loc":{"start":{"line":24,"column":4},"end":{"line":45,"column":5}},"type":"if","locations":[{"start":{"line":24,"column":4},"end":{"line":45,"column":5}},{"start":{"line":35,"column":8},"end":{"line":45,"column":5}}],"line":24},"1":{"loc":{"start":{"line":101,"column":4},"end":{"line":101,"column":99}},"type":"if","locations":[{"start":{"line":101,"column":4},"end":{"line":101,"column":99}},{"start":{},"end":{}}],"line":101},"2":{"loc":{"start":{"line":120,"column":4},"end":{"line":120,"column":100}},"type":"if","locations":[{"start":{"line":120,"column":4},"end":{"line":120,"column":100}},{"start":{},"end":{}}],"line":120},"3":{"loc":{"start":{"line":124,"column":4},"end":{"line":126,"column":5}},"type":"if","locations":[{"start":{"line":124,"column":4},"end":{"line":126,"column":5}},{"start":{},"end":{}}],"line":124},"4":{"loc":{"start":{"line":124,"column":7},"end":{"line":124,"column":56}},"type":"binary-expr","locations":[{"start":{"line":124,"column":7},"end":{"line":124,"column":35}},{"start":{"line":124,"column":39},"end":{"line":124,"column":56}}],"line":124},"5":{"loc":{"start":{"line":132,"column":4},"end":{"line":153,"column":5}},"type":"if","locations":[{"start":{"line":132,"column":4},"end":{"line":153,"column":5}},{"start":{"line":143,"column":8},"end":{"line":153,"column":5}}],"line":132},"6":{"loc":{"start":{"line":215,"column":12},"end":{"line":215,"column":134}},"type":"cond-expr","locations":[{"start":{"line":215,"column":25},"end":{"line":215,"column":95}},{"start":{"line":215,"column":98},"end":{"line":215,"column":134}}],"line":215}},"s":{"0":1,"1":1,"2":1,"3":1,"4":1,"5":1,"6":2,"7":2,"8":2,"9":2,"10":2,"11":2,"12":1,"13":1,"14":2,"15":2,"16":0,"17":1,"18":1,"19":1,"20":1,"21":0,"22":1,"23":1,"24":1,"25":1,"26":0,"27":1,"28":0,"29":1,"30":2,"31":2,"32":2,"33":0,"34":2,"35":2,"36":1,"37":1,"38":1,"39":1,"40":1,"41":0,"42":1,"43":1,"44":0,"45":1,"46":1,"47":1,"48":0,"49":1,"50":1,"51":1,"52":1,"53":1,"54":1,"55":0,"56":1,"57":1},"f":{"0":2,"1":1,"2":1,"3":2,"4":1,"5":1},"b":{"0":[1,1],"1":[0,1],"2":[0,2],"3":[1,1],"4":[2,1],"5":[1,0],"6":[0,1]},"_coverageSchema":"1a1c01bbd47fc00a2c39e90264f33305004495a9","hash":"5ad6e55e450d78df4f6f44e6b759cba0ac93dfb3"}
,"/run/media/siddhantuniyal/DATA/PROGRAMMING/DEV_OR_ML/PROJECTS/unicode_node_lp/controllers/question.js": {"path":"/run/media/siddhantuniyal/DATA/PROGRAMMING/DEV_OR_ML/PROJECTS/unicode_node_lp/controllers/question.js","statementMap":{"0":{"start":{"line":2,"column":13},"end":{"line":2,"column":41}},"1":{"start":{"line":3,"column":18},"end":{"line":3,"column":50}},"2":{"start":{"line":4,"column":21},"end":{"line":4,"column":56}},"3":{"start":{"line":6,"column":21},"end":{"line":38,"column":1}},"4":{"start":{"line":7,"column":4},"end":{"line":36,"column":1}},"5":{"start":{"line":8,"column":34},"end":{"line":8,"column":42}},"6":{"start":{"line":10,"column":27},"end":{"line":14,"column":6}},"7":{"start":{"line":16,"column":4},"end":{"line":16,"column":32}},"8":{"start":{"line":18,"column":4},"end":{"line":26,"column":5}},"9":{"start":{"line":28,"column":4},"end":{"line":32,"column":6}},"10":{"start":{"line":35,"column":4},"end":{"line":35,"column":36}},"11":{"start":{"line":39,"column":20},"end":{"line":56,"column":1}},"12":{"start":{"line":41,"column":4},"end":{"line":54,"column":1}},"13":{"start":{"line":43,"column":22},"end":{"line":43,"column":68}},"14":{"start":{"line":45,"column":4},"end":{"line":48,"column":6}},"15":{"start":{"line":51,"column":4},"end":{"line":53,"column":7}},"16":{"start":{"line":57,"column":23},"end":{"line":78,"column":1}},"17":{"start":{"line":59,"column":4},"end":{"line":74,"column":1}},"18":{"start":{"line":60,"column":28},"end":{"line":64,"column":5}},"19":{"start":{"line":66,"column":4},"end":{"line":66,"column":101}},"20":{"start":{"line":66,"column":25},"end":{"line":66,"column":101}},"21":{"start":{"line":67,"column":5},"end":{"line":71,"column":6}},"22":{"start":{"line":73,"column":4},"end":{"line":73,"column":21}},"23":{"start":{"line":79,"column":23},"end":{"line":118,"column":1}},"24":{"start":{"line":80,"column":4},"end":{"line":117,"column":1}},"25":{"start":{"line":82,"column":29},"end":{"line":82,"column":75}},"26":{"start":{"line":84,"column":4},"end":{"line":84,"column":102}},"27":{"start":{"line":84,"column":26},"end":{"line":84,"column":102}},"28":{"start":{"line":86,"column":21},"end":{"line":86,"column":42}},"29":{"start":{"line":88,"column":4},"end":{"line":90,"column":5}},"30":{"start":{"line":89,"column":8},"end":{"line":89,"column":88}},"31":{"start":{"line":92,"column":4},"end":{"line":92,"column":143}},"32":{"start":{"line":92,"column":44},"end":{"line":92,"column":143}},"33":{"start":{"line":94,"column":4},"end":{"line":94,"column":61}},"34":{"start":{"line":97,"column":4},"end":{"line":105,"column":5}},"35":{"start":{"line":108,"column":5},"end":{"line":112,"column":3}},"36":{"start":{"line":116,"column":4},"end":{"line":116,"column":21}},"37":{"start":{"line":120,"column":23},"end":{"line":141,"column":1}},"38":{"start":{"line":122,"column":4},"end":{"line":132,"column":5}},"39":{"start":{"line":123,"column":8},"end":{"line":128,"column":9}},"40":{"start":{"line":131,"column":8},"end":{"line":131,"column":71}},"41":{"start":{"line":135,"column":4},"end":{"line":140,"column":6}},"42":{"start":{"line":145,"column":25},"end":{"line":169,"column":1}},"43":{"start":{"line":147,"column":4},"end":{"line":160,"column":5}},"44":{"start":{"line":149,"column":25},"end":{"line":149,"column":71}},"45":{"start":{"line":150,"column":8},"end":{"line":150,"column":29}},"46":{"start":{"line":151,"column":27},"end":{"line":151,"column":70}},"47":{"start":{"line":153,"column":8},"end":{"line":156,"column":9}},"48":{"start":{"line":159,"column":8},"end":{"line":159,"column":84}},"49":{"start":{"line":163,"column":4},"end":{"line":168,"column":6}},"50":{"start":{"line":172,"column":23},"end":{"line":202,"column":1}},"51":{"start":{"line":173,"column":26},"end":{"line":173,"column":45}},"52":{"start":{"line":176,"column":19},"end":{"line":176,"column":21}},"53":{"start":{"line":178,"column":4},"end":{"line":191,"column":5}},"54":{"start":{"line":180,"column":8},"end":{"line":190,"column":10}},"55":{"start":{"line":181,"column":25},"end":{"line":181,"column":84}},"56":{"start":{"line":182,"column":12},"end":{"line":187,"column":13}},"57":{"start":{"line":183,"column":16},"end":{"line":183,"column":34}},"58":{"start":{"line":186,"column":16},"end":{"line":186,"column":101}},"59":{"start":{"line":189,"column":12},"end":{"line":189,"column":29}},"60":{"start":{"line":194,"column":4},"end":{"line":199,"column":6}},"61":{"start":{"line":204,"column":0},"end":{"line":204,"column":132}}},"fnMap":{"0":{"name":"(anonymous_0)","decl":{"start":{"line":6,"column":21},"end":{"line":6,"column":22}},"loc":{"start":{"line":6,"column":49},"end":{"line":38,"column":1}},"line":6},"1":{"name":"(anonymous_1)","decl":{"start":{"line":39,"column":20},"end":{"line":39,"column":21}},"loc":{"start":{"line":39,"column":40},"end":{"line":56,"column":1}},"line":39},"2":{"name":"(anonymous_2)","decl":{"start":{"line":57,"column":23},"end":{"line":57,"column":24}},"loc":{"start":{"line":57,"column":51},"end":{"line":78,"column":1}},"line":57},"3":{"name":"(anonymous_3)","decl":{"start":{"line":79,"column":23},"end":{"line":79,"column":24}},"loc":{"start":{"line":79,"column":49},"end":{"line":118,"column":1}},"line":79},"4":{"name":"(anonymous_4)","decl":{"start":{"line":120,"column":23},"end":{"line":120,"column":24}},"loc":{"start":{"line":120,"column":51},"end":{"line":141,"column":1}},"line":120},"5":{"name":"(anonymous_5)","decl":{"start":{"line":145,"column":25},"end":{"line":145,"column":26}},"loc":{"start":{"line":145,"column":53},"end":{"line":169,"column":1}},"line":145},"6":{"name":"(anonymous_6)","decl":{"start":{"line":172,"column":23},"end":{"line":172,"column":24}},"loc":{"start":{"line":172,"column":44},"end":{"line":202,"column":1}},"line":172}},"branchMap":{"0":{"loc":{"start":{"line":66,"column":4},"end":{"line":66,"column":101}},"type":"if","locations":[{"start":{"line":66,"column":4},"end":{"line":66,"column":101}},{"start":{},"end":{}}],"line":66},"1":{"loc":{"start":{"line":84,"column":4},"end":{"line":84,"column":102}},"type":"if","locations":[{"start":{"line":84,"column":4},"end":{"line":84,"column":102}},{"start":{},"end":{}}],"line":84},"2":{"loc":{"start":{"line":88,"column":4},"end":{"line":90,"column":5}},"type":"if","locations":[{"start":{"line":88,"column":4},"end":{"line":90,"column":5}},{"start":{},"end":{}}],"line":88},"3":{"loc":{"start":{"line":88,"column":7},"end":{"line":88,"column":56}},"type":"binary-expr","locations":[{"start":{"line":88,"column":7},"end":{"line":88,"column":35}},{"start":{"line":88,"column":39},"end":{"line":88,"column":56}}],"line":88},"4":{"loc":{"start":{"line":92,"column":4},"end":{"line":92,"column":143}},"type":"if","locations":[{"start":{"line":92,"column":4},"end":{"line":92,"column":143}},{"start":{},"end":{}}],"line":92},"5":{"loc":{"start":{"line":155,"column":12},"end":{"line":155,"column":149}},"type":"cond-expr","locations":[{"start":{"line":155,"column":25},"end":{"line":155,"column":105}},{"start":{"line":155,"column":108},"end":{"line":155,"column":149}}],"line":155},"6":{"loc":{"start":{"line":182,"column":12},"end":{"line":187,"column":13}},"type":"if","locations":[{"start":{"line":182,"column":12},"end":{"line":187,"column":13}},{"start":{"line":185,"column":16},"end":{"line":187,"column":13}}],"line":182}},"s":{"0":1,"1":1,"2":1,"3":1,"4":1,"5":1,"6":1,"7":1,"8":1,"9":1,"10":0,"11":1,"12":1,"13":1,"14":1,"15":0,"16":1,"17":1,"18":1,"19":1,"20":0,"21":1,"22":0,"23":1,"24":2,"25":2,"26":2,"27":0,"28":2,"29":2,"30":1,"31":2,"32":0,"33":2,"34":2,"35":2,"36":1,"37":1,"38":1,"39":1,"40":0,"41":1,"42":1,"43":1,"44":1,"45":1,"46":1,"47":1,"48":0,"49":1,"50":1,"51":1,"52":1,"53":1,"54":1,"55":1,"56":1,"57":1,"58":0,"59":0,"60":1,"61":1},"f":{"0":1,"1":1,"2":1,"3":2,"4":1,"5":1,"6":1},"b":{"0":[0,1],"1":[0,2],"2":[1,1],"3":[2,1],"4":[0,2],"5":[1,0],"6":[1,0]},"_coverageSchema":"1a1c01bbd47fc00a2c39e90264f33305004495a9","hash":"f5afff1c4e7c80454e172939de5835c9a0689e5f"}
,"/run/media/siddhantuniyal/DATA/PROGRAMMING/DEV_OR_ML/PROJECTS/unicode_node_lp/controllers/user.js": {"path":"/run/media/siddhantuniyal/DATA/PROGRAMMING/DEV_OR_ML/PROJECTS/unicode_node_lp/controllers/user.js","statementMap":{"0":{"start":{"line":1,"column":13},"end":{"line":1,"column":41}},"1":{"start":{"line":2,"column":15},"end":{"line":2,"column":32}},"2":{"start":{"line":3,"column":12},"end":{"line":3,"column":35}},"3":{"start":{"line":5,"column":19},"end":{"line":5,"column":43}},"4":{"start":{"line":6,"column":19},"end":{"line":6,"column":49}},"5":{"start":{"line":7,"column":21},"end":{"line":7,"column":56}},"6":{"start":{"line":10,"column":14},"end":{"line":46,"column":1}},"7":{"start":{"line":11,"column":2},"end":{"line":45,"column":1}},"8":{"start":{"line":12,"column":29},"end":{"line":12,"column":37}},"9":{"start":{"line":13,"column":15},"end":{"line":13,"column":44}},"10":{"start":{"line":16,"column":2},"end":{"line":16,"column":72}},"11":{"start":{"line":16,"column":13},"end":{"line":16,"column":72}},"12":{"start":{"line":17,"column":17},"end":{"line":27,"column":3}},"13":{"start":{"line":29,"column":2},"end":{"line":29,"column":22}},"14":{"start":{"line":31,"column":2},"end":{"line":31,"column":85}},"15":{"start":{"line":31,"column":15},"end":{"line":31,"column":85}},"16":{"start":{"line":33,"column":20},"end":{"line":33,"column":94}},"17":{"start":{"line":37,"column":2},"end":{"line":40,"column":4}},"18":{"start":{"line":44,"column":2},"end":{"line":44,"column":43}},"19":{"start":{"line":48,"column":17},"end":{"line":104,"column":1}},"20":{"start":{"line":49,"column":42},"end":{"line":49,"column":50}},"21":{"start":{"line":50,"column":2},"end":{"line":99,"column":3}},"22":{"start":{"line":51,"column":15},"end":{"line":51,"column":44}},"23":{"start":{"line":53,"column":4},"end":{"line":57,"column":9}},"24":{"start":{"line":54,"column":6},"end":{"line":57,"column":9}},"25":{"start":{"line":59,"column":28},"end":{"line":59,"column":73}},"26":{"start":{"line":61,"column":4},"end":{"line":61,"column":78}},"27":{"start":{"line":63,"column":22},"end":{"line":63,"column":78}},"28":{"start":{"line":91,"column":4},"end":{"line":96,"column":7}},"29":{"start":{"line":98,"column":4},"end":{"line":98,"column":47}},"30":{"start":{"line":106,"column":21},"end":{"line":117,"column":1}},"31":{"start":{"line":107,"column":15},"end":{"line":107,"column":60}},"32":{"start":{"line":109,"column":2},"end":{"line":116,"column":3}},"33":{"start":{"line":110,"column":4},"end":{"line":113,"column":7}},"34":{"start":{"line":115,"column":4},"end":{"line":115,"column":48}},"35":{"start":{"line":119,"column":15},"end":{"line":121,"column":1}},"36":{"start":{"line":120,"column":2},"end":{"line":120,"column":20}},"37":{"start":{"line":124,"column":15},"end":{"line":154,"column":1}},"38":{"start":{"line":127,"column":4},"end":{"line":136,"column":5}},"39":{"start":{"line":128,"column":4},"end":{"line":133,"column":5}},"40":{"start":{"line":135,"column":6},"end":{"line":135,"column":76}},"41":{"start":{"line":138,"column":4},"end":{"line":147,"column":5}},"42":{"start":{"line":139,"column":6},"end":{"line":144,"column":7}},"43":{"start":{"line":146,"column":6},"end":{"line":146,"column":76}},"44":{"start":{"line":149,"column":4},"end":{"line":153,"column":4}},"45":{"start":{"line":157,"column":17},"end":{"line":188,"column":1}},"46":{"start":{"line":161,"column":2},"end":{"line":170,"column":3}},"47":{"start":{"line":162,"column":2},"end":{"line":167,"column":3}},"48":{"start":{"line":169,"column":4},"end":{"line":169,"column":83}},"49":{"start":{"line":172,"column":2},"end":{"line":181,"column":3}},"50":{"start":{"line":173,"column":4},"end":{"line":178,"column":5}},"51":{"start":{"line":180,"column":4},"end":{"line":180,"column":74}},"52":{"start":{"line":183,"column":2},"end":{"line":187,"column":2}},"53":{"start":{"line":190,"column":18},"end":{"line":231,"column":1}},"54":{"start":{"line":191,"column":2},"end":{"line":230,"column":3}},"55":{"start":{"line":193,"column":17},"end":{"line":193,"column":25}},"56":{"start":{"line":196,"column":4},"end":{"line":198,"column":5}},"57":{"start":{"line":197,"column":6},"end":{"line":197,"column":76}},"58":{"start":{"line":200,"column":20},"end":{"line":200,"column":36}},"59":{"start":{"line":202,"column":4},"end":{"line":202,"column":33}},"60":{"start":{"line":204,"column":4},"end":{"line":208,"column":7}},"61":{"start":{"line":211,"column":20},"end":{"line":211,"column":69}},"62":{"start":{"line":213,"column":17},"end":{"line":220,"column":18}},"63":{"start":{"line":223,"column":4},"end":{"line":226,"column":15}},"64":{"start":{"line":228,"column":4},"end":{"line":228,"column":29}},"65":{"start":{"line":229,"column":4},"end":{"line":229,"column":78}},"66":{"start":{"line":234,"column":0},"end":{"line":234,"column":92}}},"fnMap":{"0":{"name":"(anonymous_0)","decl":{"start":{"line":10,"column":14},"end":{"line":10,"column":15}},"loc":{"start":{"line":10,"column":31},"end":{"line":46,"column":1}},"line":10},"1":{"name":"(anonymous_1)","decl":{"start":{"line":48,"column":17},"end":{"line":48,"column":18}},"loc":{"start":{"line":48,"column":34},"end":{"line":104,"column":1}},"line":48},"2":{"name":"(anonymous_2)","decl":{"start":{"line":106,"column":21},"end":{"line":106,"column":22}},"loc":{"start":{"line":106,"column":38},"end":{"line":117,"column":1}},"line":106},"3":{"name":"(anonymous_3)","decl":{"start":{"line":119,"column":15},"end":{"line":119,"column":16}},"loc":{"start":{"line":119,"column":35},"end":{"line":121,"column":1}},"line":119},"4":{"name":"(anonymous_4)","decl":{"start":{"line":124,"column":15},"end":{"line":124,"column":16}},"loc":{"start":{"line":124,"column":42},"end":{"line":154,"column":1}},"line":124},"5":{"name":"(anonymous_5)","decl":{"start":{"line":157,"column":17},"end":{"line":157,"column":18}},"loc":{"start":{"line":157,"column":44},"end":{"line":188,"column":1}},"line":157},"6":{"name":"(anonymous_6)","decl":{"start":{"line":190,"column":18},"end":{"line":190,"column":19}},"loc":{"start":{"line":190,"column":45},"end":{"line":231,"column":1}},"line":190}},"branchMap":{"0":{"loc":{"start":{"line":16,"column":2},"end":{"line":16,"column":72}},"type":"if","locations":[{"start":{"line":16,"column":2},"end":{"line":16,"column":72}},{"start":{},"end":{}}],"line":16},"1":{"loc":{"start":{"line":31,"column":2},"end":{"line":31,"column":85}},"type":"if","locations":[{"start":{"line":31,"column":2},"end":{"line":31,"column":85}},{"start":{},"end":{}}],"line":31},"2":{"loc":{"start":{"line":53,"column":4},"end":{"line":57,"column":9}},"type":"if","locations":[{"start":{"line":53,"column":4},"end":{"line":57,"column":9}},{"start":{},"end":{}}],"line":53},"3":{"loc":{"start":{"line":109,"column":2},"end":{"line":116,"column":3}},"type":"if","locations":[{"start":{"line":109,"column":2},"end":{"line":116,"column":3}},{"start":{"line":114,"column":9},"end":{"line":116,"column":3}}],"line":109},"4":{"loc":{"start":{"line":196,"column":4},"end":{"line":198,"column":5}},"type":"if","locations":[{"start":{"line":196,"column":4},"end":{"line":198,"column":5}},{"start":{},"end":{}}],"line":196}},"s":{"0":1,"1":1,"2":1,"3":1,"4":1,"5":1,"6":1,"7":2,"8":2,"9":2,"10":2,"11":0,"12":2,"13":2,"14":2,"15":0,"16":2,"17":2,"18":0,"19":1,"20":2,"21":2,"22":2,"23":2,"24":0,"25":2,"26":2,"27":2,"28":2,"29":0,"30":1,"31":1,"32":1,"33":1,"34":0,"35":1,"36":0,"37":1,"38":1,"39":1,"40":0,"41":1,"42":1,"43":0,"44":1,"45":1,"46":1,"47":1,"48":0,"49":1,"50":1,"51":0,"52":1,"53":1,"54":1,"55":1,"56":1,"57":0,"58":1,"59":1,"60":1,"61":1,"62":1,"63":1,"64":0,"65":0,"66":1},"f":{"0":2,"1":2,"2":1,"3":0,"4":1,"5":1,"6":1},"b":{"0":[0,2],"1":[0,2],"2":[0,2],"3":[1,0],"4":[0,1]},"_coverageSchema":"1a1c01bbd47fc00a2c39e90264f33305004495a9","hash":"3c0f1f95a7be685c716ade3c9d88d7948bb47668"}
,"/run/media/siddhantuniyal/DATA/PROGRAMMING/DEV_OR_ML/PROJECTS/unicode_node_lp/data/db.js": {"path":"/run/media/siddhantuniyal/DATA/PROGRAMMING/DEV_OR_ML/PROJECTS/unicode_node_lp/data/db.js","statementMap":{"0":{"start":{"line":1,"column":17},"end":{"line":1,"column":36}},"1":{"start":{"line":3,"column":20},"end":{"line":10,"column":1}},"2":{"start":{"line":4,"column":2},"end":{"line":9,"column":34}},"3":{"start":{"line":8,"column":17},"end":{"line":8,"column":76}},"4":{"start":{"line":9,"column":18},"end":{"line":9,"column":32}},"5":{"start":{"line":12,"column":0},"end":{"line":12,"column":41}}},"fnMap":{"0":{"name":"(anonymous_0)","decl":{"start":{"line":3,"column":20},"end":{"line":3,"column":21}},"loc":{"start":{"line":3,"column":26},"end":{"line":10,"column":1}},"line":3},"1":{"name":"(anonymous_1)","decl":{"start":{"line":8,"column":10},"end":{"line":8,"column":11}},"loc":{"start":{"line":8,"column":17},"end":{"line":8,"column":76}},"line":8},"2":{"name":"(anonymous_2)","decl":{"start":{"line":9,"column":11},"end":{"line":9,"column":12}},"loc":{"start":{"line":9,"column":18},"end":{"line":9,"column":32}},"line":9}},"branchMap":{},"s":{"0":1,"1":1,"2":1,"3":1,"4":0,"5":1},"f":{"0":1,"1":1,"2":0},"b":{},"_coverageSchema":"1a1c01bbd47fc00a2c39e90264f33305004495a9","hash":"d9a36fe7f02656fb540e28347021c3b6bf9f51cb"}
,"/run/media/siddhantuniyal/DATA/PROGRAMMING/DEV_OR_ML/PROJECTS/unicode_node_lp/middlewares/auth.js": {"path":"/run/media/siddhantuniyal/DATA/PROGRAMMING/DEV_OR_ML/PROJECTS/unicode_node_lp/middlewares/auth.js","statementMap":{"0":{"start":{"line":1,"column":12},"end":{"line":1,"column":35}},"1":{"start":{"line":2,"column":24},"end":{"line":17,"column":1}},"2":{"start":{"line":3,"column":4},"end":{"line":16,"column":5}},"3":{"start":{"line":4,"column":26},"end":{"line":4,"column":49}},"4":{"start":{"line":5,"column":8},"end":{"line":7,"column":9}},"5":{"start":{"line":6,"column":12},"end":{"line":6,"column":74}},"6":{"start":{"line":8,"column":21},"end":{"line":8,"column":71}},"7":{"start":{"line":9,"column":8},"end":{"line":9,"column":24}},"8":{"start":{"line":10,"column":8},"end":{"line":10,"column":15}},"9":{"start":{"line":12,"column":8},"end":{"line":15,"column":11}},"10":{"start":{"line":19,"column":0},"end":{"line":19,"column":33}}},"fnMap":{"0":{"name":"(anonymous_0)","decl":{"start":{"line":2,"column":24},"end":{"line":2,"column":25}},"loc":{"start":{"line":2,"column":45},"end":{"line":17,"column":1}},"line":2}},"branchMap":{"0":{"loc":{"start":{"line":5,"column":8},"end":{"line":7,"column":9}},"type":"if","locations":[{"start":{"line":5,"column":8},"end":{"line":7,"column":9}},{"start":{},"end":{}}],"line":5},"1":{"loc":{"start":{"line":14,"column":26},"end":{"line":14,"column":45}},"type":"binary-expr","locations":[{"start":{"line":14,"column":26},"end":{"line":14,"column":34}},{"start":{"line":14,"column":38},"end":{"line":14,"column":45}}],"line":14}},"s":{"0":1,"1":1,"2":27,"3":27,"4":27,"5":0,"6":27,"7":27,"8":27,"9":0,"10":1},"f":{"0":27},"b":{"0":[0,27],"1":[0,0]},"_coverageSchema":"1a1c01bbd47fc00a2c39e90264f33305004495a9","hash":"44086c59966f74620c83dc04c78564321ee534fb"}
,"/run/media/siddhantuniyal/DATA/PROGRAMMING/DEV_OR_ML/PROJECTS/unicode_node_lp/middlewares/error.js": {"path":"/run/media/siddhantuniyal/DATA/PROGRAMMING/DEV_OR_ML/PROJECTS/unicode_node_lp/middlewares/error.js","statementMap":{"0":{"start":{"line":3,"column":21},"end":{"line":15,"column":1}},"1":{"start":{"line":5,"column":4},"end":{"line":5,"column":57}},"2":{"start":{"line":7,"column":4},"end":{"line":7,"column":43}},"3":{"start":{"line":10,"column":4},"end":{"line":13,"column":7}},"4":{"start":{"line":17,"column":0},"end":{"line":17,"column":30}}},"fnMap":{"0":{"name":"(anonymous_0)","decl":{"start":{"line":3,"column":21},"end":{"line":3,"column":22}},"loc":{"start":{"line":3,"column":41},"end":{"line":15,"column":1}},"line":3}},"branchMap":{"0":{"loc":{"start":{"line":5,"column":18},"end":{"line":5,"column":56}},"type":"binary-expr","locations":[{"start":{"line":5,"column":18},"end":{"line":5,"column":29}},{"start":{"line":5,"column":33},"end":{"line":5,"column":56}}],"line":5},"1":{"loc":{"start":{"line":7,"column":21},"end":{"line":7,"column":42}},"type":"binary-expr","locations":[{"start":{"line":7,"column":21},"end":{"line":7,"column":35}},{"start":{"line":7,"column":39},"end":{"line":7,"column":42}}],"line":7}},"s":{"0":1,"1":3,"2":3,"3":3,"4":1},"f":{"0":3},"b":{"0":[3,0],"1":[3,0]},"_coverageSchema":"1a1c01bbd47fc00a2c39e90264f33305004495a9","hash":"eb778d9fa8753b3b3f65c623517bf4c8c7522e87"}
,"/run/media/siddhantuniyal/DATA/PROGRAMMING/DEV_OR_ML/PROJECTS/unicode_node_lp/middlewares/multer.js": {"path":"/run/media/siddhantuniyal/DATA/PROGRAMMING/DEV_OR_ML/PROJECTS/unicode_node_lp/middlewares/multer.js","statementMap":{"0":{"start":{"line":1,"column":15},"end":{"line":1,"column":32}},"1":{"start":{"line":4,"column":16},"end":{"line":4,"column":38}},"2":{"start":{"line":6,"column":21},"end":{"line":9,"column":17}},"3":{"start":{"line":11,"column":20},"end":{"line":14,"column":24}},"4":{"start":{"line":18,"column":0},"end":{"line":18,"column":46}}},"fnMap":{},"branchMap":{},"s":{"0":1,"1":1,"2":1,"3":1,"4":1},"f":{},"b":{},"_coverageSchema":"1a1c01bbd47fc00a2c39e90264f33305004495a9","hash":"555eb63a6e288fae43487baaab1557903a3f327e"}
,"/run/media/siddhantuniyal/DATA/PROGRAMMING/DEV_OR_ML/PROJECTS/unicode_node_lp/middlewares/verifyLevel.js": {"path":"/run/media/siddhantuniyal/DATA/PROGRAMMING/DEV_OR_ML/PROJECTS/unicode_node_lp/middlewares/verifyLevel.js","statementMap":{"0":{"start":{"line":1,"column":13},"end":{"line":1,"column":38}},"1":{"start":{"line":4,"column":16},"end":{"line":18,"column":1}},"2":{"start":{"line":5,"column":4},"end":{"line":17,"column":5}},"3":{"start":{"line":6,"column":29},"end":{"line":6,"column":66}},"4":{"start":{"line":8,"column":8},"end":{"line":13,"column":9}},"5":{"start":{"line":9,"column":12},"end":{"line":9,"column":29}},"6":{"start":{"line":12,"column":12},"end":{"line":12,"column":28}},"7":{"start":{"line":14,"column":8},"end":{"line":14,"column":15}},"8":{"start":{"line":16,"column":8},"end":{"line":16,"column":49}},"9":{"start":{"line":20,"column":0},"end":{"line":20,"column":25}}},"fnMap":{"0":{"name":"(anonymous_0)","decl":{"start":{"line":4,"column":16},"end":{"line":4,"column":17}},"loc":{"start":{"line":4,"column":41},"end":{"line":18,"column":1}},"line":4}},"branchMap":{"0":{"loc":{"start":{"line":8,"column":8},"end":{"line":13,"column":9}},"type":"if","locations":[{"start":{"line":8,"column":8},"end":{"line":13,"column":9}},{"start":{"line":11,"column":12},"end":{"line":13,"column":9}}],"line":8}},"s":{"0":1,"1":1,"2":6,"3":6,"4":6,"5":3,"6":3,"7":6,"8":0,"9":1},"f":{"0":6},"b":{"0":[3,3]},"_coverageSchema":"1a1c01bbd47fc00a2c39e90264f33305004495a9","hash":"8ac973602d470ea53c5bc954c86b6b598c27a507"}
,"/run/media/siddhantuniyal/DATA/PROGRAMMING/DEV_OR_ML/PROJECTS/unicode_node_lp/models/Answer.js": {"path":"/run/media/siddhantuniyal/DATA/PROGRAMMING/DEV_OR_ML/PROJECTS/unicode_node_lp/models/Answer.js","statementMap":{"0":{"start":{"line":1,"column":17},"end":{"line":1,"column":36}},"1":{"start":{"line":3,"column":15},"end":{"line":48,"column":18}},"2":{"start":{"line":50,"column":0},"end":{"line":50,"column":50}}},"fnMap":{},"branchMap":{},"s":{"0":1,"1":1,"2":1},"f":{},"b":{},"_coverageSchema":"1a1c01bbd47fc00a2c39e90264f33305004495a9","hash":"350863610dd53e1b2a33dc33beb787234b41c176"}
,"/run/media/siddhantuniyal/DATA/PROGRAMMING/DEV_OR_ML/PROJECTS/unicode_node_lp/models/Comment.js": {"path":"/run/media/siddhantuniyal/DATA/PROGRAMMING/DEV_OR_ML/PROJECTS/unicode_node_lp/models/Comment.js","statementMap":{"0":{"start":{"line":1,"column":17},"end":{"line":1,"column":36}},"1":{"start":{"line":3,"column":15},"end":{"line":45,"column":2}},"2":{"start":{"line":48,"column":0},"end":{"line":48,"column":52}}},"fnMap":{},"branchMap":{},"s":{"0":1,"1":1,"2":1},"f":{},"b":{},"_coverageSchema":"1a1c01bbd47fc00a2c39e90264f33305004495a9","hash":"dbfea279ace2579180c235f09c3b93b8702cf46e"}
,"/run/media/siddhantuniyal/DATA/PROGRAMMING/DEV_OR_ML/PROJECTS/unicode_node_lp/models/Question.js": {"path":"/run/media/siddhantuniyal/DATA/PROGRAMMING/DEV_OR_ML/PROJECTS/unicode_node_lp/models/Question.js","statementMap":{"0":{"start":{"line":1,"column":17},"end":{"line":1,"column":36}},"1":{"start":{"line":3,"column":15},"end":{"line":61,"column":2}},"2":{"start":{"line":63,"column":0},"end":{"line":63,"column":52}}},"fnMap":{},"branchMap":{},"s":{"0":1,"1":1,"2":1},"f":{},"b":{},"_coverageSchema":"1a1c01bbd47fc00a2c39e90264f33305004495a9","hash":"a723424d00ecf21f26e1b318eaa11025bef7a4a5"}
,"/run/media/siddhantuniyal/DATA/PROGRAMMING/DEV_OR_ML/PROJECTS/unicode_node_lp/models/User.js": {"path":"/run/media/siddhantuniyal/DATA/PROGRAMMING/DEV_OR_ML/PROJECTS/unicode_node_lp/models/User.js","statementMap":{"0":{"start":{"line":1,"column":17},"end":{"line":1,"column":36}},"1":{"start":{"line":3,"column":15},"end":{"line":66,"column":2}},"2":{"start":{"line":68,"column":0},"end":{"line":68,"column":48}}},"fnMap":{},"branchMap":{},"s":{"0":1,"1":1,"2":1},"f":{},"b":{},"_coverageSchema":"1a1c01bbd47fc00a2c39e90264f33305004495a9","hash":"cb1b8f97a141d6b7d85a91cd294ceca52e1938d6"}
,"/run/media/siddhantuniyal/DATA/PROGRAMMING/DEV_OR_ML/PROJECTS/unicode_node_lp/routes/answer.js": {"path":"/run/media/siddhantuniyal/DATA/PROGRAMMING/DEV_OR_ML/PROJECTS/unicode_node_lp/routes/answer.js","statementMap":{"0":{"start":{"line":1,"column":17},"end":{"line":1,"column":35}},"1":{"start":{"line":10,"column":4},"end":{"line":10,"column":39}},"2":{"start":{"line":11,"column":26},"end":{"line":11,"column":59}},"3":{"start":{"line":12,"column":16},"end":{"line":12,"column":56}},"4":{"start":{"line":14,"column":15},"end":{"line":14,"column":31}},"5":{"start":{"line":17,"column":0},"end":{"line":17,"column":64}},"6":{"start":{"line":18,"column":0},"end":{"line":18,"column":56}},"7":{"start":{"line":20,"column":0},"end":{"line":22,"column":51}},"8":{"start":{"line":24,"column":0},"end":{"line":24,"column":73}},"9":{"start":{"line":26,"column":0},"end":{"line":26,"column":77}},"10":{"start":{"line":29,"column":0},"end":{"line":29,"column":25}}},"fnMap":{},"branchMap":{},"s":{"0":1,"1":1,"2":1,"3":1,"4":1,"5":1,"6":1,"7":1,"8":1,"9":1,"10":1},"f":{},"b":{},"_coverageSchema":"1a1c01bbd47fc00a2c39e90264f33305004495a9","hash":"9973b4982b9ba1aa8396252493f44d06b42a9eb6"}
,"/run/media/siddhantuniyal/DATA/PROGRAMMING/DEV_OR_ML/PROJECTS/unicode_node_lp/routes/comment.js": {"path":"/run/media/siddhantuniyal/DATA/PROGRAMMING/DEV_OR_ML/PROJECTS/unicode_node_lp/routes/comment.js","statementMap":{"0":{"start":{"line":1,"column":17},"end":{"line":1,"column":35}},"1":{"start":{"line":2,"column":101},"end":{"line":2,"column":137}},"2":{"start":{"line":3,"column":27},"end":{"line":3,"column":60}},"3":{"start":{"line":4,"column":16},"end":{"line":4,"column":56}},"4":{"start":{"line":5,"column":15},"end":{"line":5,"column":31}},"5":{"start":{"line":10,"column":0},"end":{"line":10,"column":64}},"6":{"start":{"line":11,"column":0},"end":{"line":11,"column":58}},"7":{"start":{"line":13,"column":0},"end":{"line":15,"column":51}},"8":{"start":{"line":17,"column":0},"end":{"line":17,"column":76}},"9":{"start":{"line":19,"column":0},"end":{"line":19,"column":80}},"10":{"start":{"line":20,"column":0},"end":{"line":20,"column":25}}},"fnMap":{},"branchMap":{},"s":{"0":1,"1":1,"2":1,"3":1,"4":1,"5":1,"6":1,"7":1,"8":1,"9":1,"10":1},"f":{},"b":{},"_coverageSchema":"1a1c01bbd47fc00a2c39e90264f33305004495a9","hash":"3d2222f19792ea93f862d9b78d04c80d18ce656b"}
,"/run/media/siddhantuniyal/DATA/PROGRAMMING/DEV_OR_ML/PROJECTS/unicode_node_lp/routes/question.js": {"path":"/run/media/siddhantuniyal/DATA/PROGRAMMING/DEV_OR_ML/PROJECTS/unicode_node_lp/routes/question.js","statementMap":{"0":{"start":{"line":1,"column":17},"end":{"line":1,"column":35}},"1":{"start":{"line":2,"column":123},"end":{"line":2,"column":160}},"2":{"start":{"line":3,"column":26},"end":{"line":3,"column":59}},"3":{"start":{"line":4,"column":16},"end":{"line":4,"column":56}},"4":{"start":{"line":5,"column":15},"end":{"line":5,"column":31}},"5":{"start":{"line":10,"column":0},"end":{"line":10,"column":62}},"6":{"start":{"line":11,"column":0},"end":{"line":11,"column":58}},"7":{"start":{"line":13,"column":0},"end":{"line":15,"column":51}},"8":{"start":{"line":17,"column":0},"end":{"line":17,"column":66}},"9":{"start":{"line":19,"column":0},"end":{"line":19,"column":79}},"10":{"start":{"line":21,"column":0},"end":{"line":21,"column":83}},"11":{"start":{"line":23,"column":0},"end":{"line":23,"column":25}}},"fnMap":{},"branchMap":{},"s":{"0":1,"1":1,"2":1,"3":1,"4":1,"5":1,"6":1,"7":1,"8":1,"9":1,"10":1,"11":1},"f":{},"b":{},"_coverageSchema":"1a1c01bbd47fc00a2c39e90264f33305004495a9","hash":"51f146ac015aa3eb9e7b7685598e94e74ed6e3a1"}
,"/run/media/siddhantuniyal/DATA/PROGRAMMING/DEV_OR_ML/PROJECTS/unicode_node_lp/routes/user.js": {"path":"/run/media/siddhantuniyal/DATA/PROGRAMMING/DEV_OR_ML/PROJECTS/unicode_node_lp/routes/user.js","statementMap":{"0":{"start":{"line":1,"column":16},"end":{"line":1,"column":34}},"1":{"start":{"line":2,"column":85},"end":{"line":2,"column":118}},"2":{"start":{"line":3,"column":26},"end":{"line":3,"column":59}},"3":{"start":{"line":4,"column":23},"end":{"line":4,"column":58}},"4":{"start":{"line":5,"column":15},"end":{"line":5,"column":31}},"5":{"start":{"line":7,"column":0},"end":{"line":7,"column":34}},"6":{"start":{"line":9,"column":0},"end":{"line":9,"column":29}},"7":{"start":{"line":10,"column":0},"end":{"line":10,"column":46}},"8":{"start":{"line":12,"column":0},"end":{"line":12,"column":56}},"9":{"start":{"line":14,"column":0},"end":{"line":14,"column":58}},"10":{"start":{"line":15,"column":0},"end":{"line":15,"column":62}},"11":{"start":{"line":16,"column":0},"end":{"line":16,"column":71}},"12":{"start":{"line":22,"column":0},"end":{"line":22,"column":25}}},"fnMap":{},"branchMap":{},"s":{"0":1,"1":1,"2":1,"3":1,"4":1,"5":1,"6":1,"7":1,"8":1,"9":1,"10":1,"11":1,"12":1},"f":{},"b":{},"_coverageSchema":"1a1c01bbd47fc00a2c39e90264f33305004495a9","hash":"cc20017badd710757171792d2468b224bceaba40"}
,"/run/media/siddhantuniyal/DATA/PROGRAMMING/DEV_OR_ML/PROJECTS/unicode_node_lp/utils/dataUri.js": {"path":"/run/media/siddhantuniyal/DATA/PROGRAMMING/DEV_OR_ML/PROJECTS/unicode_node_lp/utils/dataUri.js","statementMap":{"0":{"start":{"line":1,"column":22},"end":{"line":1,"column":50}},"1":{"start":{"line":3,"column":13},"end":{"line":3,"column":28}},"2":{"start":{"line":5,"column":19},"end":{"line":13,"column":1}},"3":{"start":{"line":7,"column":19},"end":{"line":7,"column":38}},"4":{"start":{"line":9,"column":20},"end":{"line":9,"column":62}},"5":{"start":{"line":11,"column":4},"end":{"line":11,"column":47}},"6":{"start":{"line":15,"column":0},"end":{"line":15,"column":27}}},"fnMap":{"0":{"name":"(anonymous_0)","decl":{"start":{"line":5,"column":19},"end":{"line":5,"column":20}},"loc":{"start":{"line":5,"column":28},"end":{"line":13,"column":1}},"line":5}},"branchMap":{},"s":{"0":1,"1":1,"2":1,"3":1,"4":1,"5":1,"6":1},"f":{"0":1},"b":{},"_coverageSchema":"1a1c01bbd47fc00a2c39e90264f33305004495a9","hash":"c1dcd90d6af757f127c065def6d88262837df0c2"}
,"/run/media/siddhantuniyal/DATA/PROGRAMMING/DEV_OR_ML/PROJECTS/unicode_node_lp/utils/errorHandler.js": {"path":"/run/media/siddhantuniyal/DATA/PROGRAMMING/DEV_OR_ML/PROJECTS/unicode_node_lp/utils/errorHandler.js","statementMap":{"0":{"start":{"line":3,"column":8},"end":{"line":3,"column":23}},"1":{"start":{"line":4,"column":8},"end":{"line":4,"column":37}},"2":{"start":{"line":9,"column":0},"end":{"line":9,"column":29}}},"fnMap":{"0":{"name":"(anonymous_0)","decl":{"start":{"line":2,"column":4},"end":{"line":2,"column":5}},"loc":{"start":{"line":2,"column":37},"end":{"line":5,"column":5}},"line":2}},"branchMap":{},"s":{"0":3,"1":3,"2":1},"f":{"0":3},"b":{},"_coverageSchema":"1a1c01bbd47fc00a2c39e90264f33305004495a9","hash":"da940acbcee22bfcf90803134bd41d5feb340605"}
}
