TN:
SF:app.js
FNF:0
FNH:0
DA:1,1
DA:2,1
DA:3,1
DA:4,1
DA:5,1
DA:6,1
DA:7,1
DA:8,1
DA:9,1
DA:12,1
DA:14,1
DA:16,1
DA:18,1
DA:23,1
DA:24,1
DA:25,1
DA:26,1
DA:27,1
DA:28,1
DA:29,1
DA:30,1
DA:32,1
LF:22
LH:22
BRF:0
BRH:0
end_of_record
TN:
SF:controllers/answer.js
FN:7,(anonymous_0)
FN:60,(anonymous_1)
FN:78,(anonymous_2)
FN:101,(anonymous_3)
FN:154,(anonymous_4)
FN:177,(anonymous_5)
FNF:6
FNH:6
FNDA:1,(anonymous_0)
FNDA:1,(anonymous_1)
FNDA:1,(anonymous_2)
FNDA:2,(anonymous_3)
FNDA:1,(anonymous_4)
FNDA:1,(anonymous_5)
DA:1,1
DA:2,1
DA:3,1
DA:4,1
DA:7,1
DA:8,1
DA:9,1
DA:10,1
DA:11,1
DA:19,1
DA:21,1
DA:22,1
DA:29,0
DA:33,1
DA:34,1
DA:41,0
DA:45,1
DA:54,0
DA:60,1
DA:62,1
DA:64,1
DA:66,1
DA:72,0
DA:78,1
DA:80,1
DA:81,1
DA:87,1
DA:89,1
DA:95,0
DA:101,1
DA:102,2
DA:104,2
DA:106,2
DA:108,2
DA:111,2
DA:112,1
DA:115,1
DA:118,1
DA:127,1
DA:139,1
DA:147,0
DA:154,1
DA:155,1
DA:156,1
DA:164,0
DA:168,1
DA:177,1
DA:179,1
DA:181,1
DA:183,1
DA:185,1
DA:191,0
DA:195,1
DA:205,1
LF:54
LH:46
BRDA:87,0,0,0
BRDA:87,0,1,1
BRDA:106,1,0,0
BRDA:106,1,1,2
BRDA:111,2,0,1
BRDA:111,2,1,1
BRDA:111,3,0,2
BRDA:111,3,1,1
BRDA:187,4,0,0
BRDA:187,4,1,1
BRF:10
BRH:7
end_of_record
TN:
SF:controllers/comment.js
FN:9,(anonymous_0)
FN:74,(anonymous_1)
FN:92,(anonymous_2)
FN:115,(anonymous_3)
FN:182,(anonymous_4)
FN:205,(anonymous_5)
FNF:6
FNH:6
FNDA:2,(anonymous_0)
FNDA:1,(anonymous_1)
FNDA:1,(anonymous_2)
FNDA:2,(anonymous_3)
FNDA:1,(anonymous_4)
FNDA:1,(anonymous_5)
DA:1,1
DA:2,1
DA:3,1
DA:4,1
DA:5,1
DA:9,1
DA:10,2
DA:11,2
DA:12,2
DA:13,2
DA:21,2
DA:24,2
DA:25,1
DA:36,1
DA:48,2
DA:60,2
DA:68,0
DA:74,1
DA:76,1
DA:78,1
DA:80,1
DA:86,0
DA:92,1
DA:94,1
DA:95,1
DA:101,1
DA:103,1
DA:109,0
DA:115,1
DA:116,2
DA:118,2
DA:120,2
DA:122,2
DA:124,2
DA:125,1
DA:129,1
DA:131,1
DA:132,1
DA:133,1
DA:144,0
DA:154,1
DA:166,1
DA:174,0
DA:182,1
DA:183,1
DA:184,1
DA:192,0
DA:196,1
DA:205,1
DA:207,1
DA:209,1
DA:211,1
DA:213,1
DA:219,0
DA:223,1
DA:233,1
LF:56
LH:49
BRDA:24,0,0,1
BRDA:24,0,1,1
BRDA:101,1,0,0
BRDA:101,1,1,1
BRDA:120,2,0,0
BRDA:120,2,1,2
BRDA:124,3,0,1
BRDA:124,3,1,1
BRDA:124,4,0,2
BRDA:124,4,1,1
BRDA:132,5,0,1
BRDA:132,5,1,0
BRDA:215,6,0,0
BRDA:215,6,1,1
BRF:14
BRH:10
end_of_record
TN:
SF:controllers/question.js
FN:6,(anonymous_0)
FN:39,(anonymous_1)
FN:57,(anonymous_2)
FN:79,(anonymous_3)
FN:120,(anonymous_4)
FN:145,(anonymous_5)
FN:172,(anonymous_6)
FNF:7
FNH:7
FNDA:1,(anonymous_0)
FNDA:1,(anonymous_1)
FNDA:1,(anonymous_2)
FNDA:2,(anonymous_3)
FNDA:1,(anonymous_4)
FNDA:1,(anonymous_5)
FNDA:1,(anonymous_6)
DA:2,1
DA:3,1
DA:4,1
DA:6,1
DA:7,1
DA:8,1
DA:10,1
DA:16,1
DA:18,1
DA:28,1
DA:35,0
DA:39,1
DA:41,1
DA:43,1
DA:45,1
DA:51,0
DA:57,1
DA:59,1
DA:60,1
DA:66,1
DA:67,1
DA:73,0
DA:79,1
DA:80,2
DA:82,2
DA:84,2
DA:86,2
DA:88,2
DA:89,1
DA:92,2
DA:94,2
DA:97,2
DA:108,2
DA:116,1
DA:120,1
DA:122,1
DA:123,1
DA:131,0
DA:135,1
DA:145,1
DA:147,1
DA:149,1
DA:150,1
DA:151,1
DA:153,1
DA:159,0
DA:163,1
DA:172,1
DA:173,1
DA:176,1
DA:178,1
DA:180,1
DA:181,1
DA:182,1
DA:183,1
DA:186,0
DA:189,0
DA:194,1
DA:204,1
LF:59
LH:52
BRDA:66,0,0,0
BRDA:66,0,1,1
BRDA:84,1,0,0
BRDA:84,1,1,2
BRDA:88,2,0,1
BRDA:88,2,1,1
BRDA:88,3,0,2
BRDA:88,3,1,1
BRDA:92,4,0,0
BRDA:92,4,1,2
BRDA:155,5,0,1
BRDA:155,5,1,0
BRDA:182,6,0,1
BRDA:182,6,1,0
BRF:14
BRH:9
end_of_record
TN:
SF:controllers/user.js
FN:10,(anonymous_0)
FN:48,(anonymous_1)
FN:106,(anonymous_2)
FN:119,(anonymous_3)
FN:124,(anonymous_4)
FN:157,(anonymous_5)
FN:190,(anonymous_6)
FNF:7
FNH:6
FNDA:2,(anonymous_0)
FNDA:2,(anonymous_1)
FNDA:1,(anonymous_2)
FNDA:0,(anonymous_3)
FNDA:1,(anonymous_4)
FNDA:1,(anonymous_5)
FNDA:1,(anonymous_6)
DA:1,1
DA:2,1
DA:3,1
DA:5,1
DA:6,1
DA:7,1
DA:10,1
DA:11,2
DA:12,2
DA:13,2
DA:16,2
DA:17,2
DA:29,2
DA:31,2
DA:33,2
DA:37,2
DA:44,0
DA:48,1
DA:49,2
DA:50,2
DA:51,2
DA:53,2
DA:54,0
DA:59,2
DA:61,2
DA:63,2
DA:91,2
DA:98,0
DA:106,1
DA:107,1
DA:109,1
DA:110,1
DA:115,0
DA:119,1
DA:120,0
DA:124,1
DA:127,1
DA:128,1
DA:135,0
DA:138,1
DA:139,1
DA:146,0
DA:149,1
DA:157,1
DA:161,1
DA:162,1
DA:169,0
DA:172,1
DA:173,1
DA:180,0
DA:183,1
DA:190,1
DA:191,1
DA:193,1
DA:196,1
DA:197,0
DA:200,1
DA:202,1
DA:204,1
DA:211,1
DA:213,1
DA:223,1
DA:228,0
DA:229,0
DA:234,1
LF:65
LH:53
BRDA:16,0,0,0
BRDA:16,0,1,2
BRDA:31,1,0,0
BRDA:31,1,1,2
BRDA:53,2,0,0
BRDA:53,2,1,2
BRDA:109,3,0,1
BRDA:109,3,1,0
BRDA:196,4,0,0
BRDA:196,4,1,1
BRF:10
BRH:5
end_of_record
TN:
SF:data/db.js
FN:3,(anonymous_0)
FN:8,(anonymous_1)
FN:9,(anonymous_2)
FNF:3
FNH:2
FNDA:1,(anonymous_0)
FNDA:1,(anonymous_1)
FNDA:0,(anonymous_2)
DA:1,1
DA:3,1
DA:4,1
DA:8,1
DA:9,0
DA:12,1
LF:6
LH:5
BRF:0
BRH:0
end_of_record
TN:
SF:middlewares/auth.js
FN:2,(anonymous_0)
FNF:1
FNH:1
FNDA:27,(anonymous_0)
DA:1,1
DA:2,1
DA:3,27
DA:4,27
DA:5,27
DA:6,0
DA:8,27
DA:9,27
DA:10,27
DA:12,0
DA:19,1
LF:11
LH:9
BRDA:5,0,0,0
BRDA:5,0,1,27
BRDA:14,1,0,0
BRDA:14,1,1,0
BRF:4
BRH:1
end_of_record
TN:
SF:middlewares/error.js
FN:3,(anonymous_0)
FNF:1
FNH:1
FNDA:3,(anonymous_0)
DA:3,1
DA:5,3
DA:7,3
DA:10,3
DA:17,1
LF:5
LH:5
BRDA:5,0,0,3
BRDA:5,0,1,0
BRDA:7,1,0,3
BRDA:7,1,1,0
BRF:4
BRH:2
end_of_record
TN:
SF:middlewares/multer.js
FNF:0
FNH:0
DA:1,1
DA:4,1
DA:6,1
DA:11,1
DA:18,1
LF:5
LH:5
BRF:0
BRH:0
end_of_record
TN:
SF:middlewares/verifyLevel.js
FN:4,(anonymous_0)
FNF:1
FNH:1
FNDA:6,(anonymous_0)
DA:1,1
DA:4,1
DA:5,6
DA:6,6
DA:8,6
DA:9,3
DA:12,3
DA:14,6
DA:16,0
DA:20,1
LF:10
LH:9
BRDA:8,0,0,3
BRDA:8,0,1,3
BRF:2
BRH:2
end_of_record
TN:
SF:models/Answer.js
FNF:0
FNH:0
DA:1,1
DA:3,1
DA:50,1
LF:3
LH:3
BRF:0
BRH:0
end_of_record
TN:
SF:models/Comment.js
FNF:0
FNH:0
DA:1,1
DA:3,1
DA:48,1
LF:3
LH:3
BRF:0
BRH:0
end_of_record
TN:
SF:models/Question.js
FNF:0
FNH:0
DA:1,1
DA:3,1
DA:63,1
LF:3
LH:3
BRF:0
BRH:0
end_of_record
TN:
SF:models/User.js
FNF:0
FNH:0
DA:1,1
DA:3,1
DA:68,1
LF:3
LH:3
BRF:0
BRH:0
end_of_record
TN:
SF:routes/answer.js
FNF:0
FNH:0
DA:1,1
DA:10,1
DA:11,1
DA:12,1
DA:14,1
DA:17,1
DA:18,1
DA:20,1
DA:24,1
DA:26,1
DA:29,1
LF:11
LH:11
BRF:0
BRH:0
end_of_record
TN:
SF:routes/comment.js
FNF:0
FNH:0
DA:1,1
DA:2,1
DA:3,1
DA:4,1
DA:5,1
DA:10,1
DA:11,1
DA:13,1
DA:17,1
DA:19,1
DA:20,1
LF:11
LH:11
BRF:0
BRH:0
end_of_record
TN:
SF:routes/question.js
FNF:0
FNH:0
DA:1,1
DA:2,1
DA:3,1
DA:4,1
DA:5,1
DA:10,1
DA:11,1
DA:13,1
DA:17,1
DA:19,1
DA:21,1
DA:23,1
LF:12
LH:12
BRF:0
BRH:0
end_of_record
TN:
SF:routes/user.js
FNF:0
FNH:0
DA:1,1
DA:2,1
DA:3,1
DA:4,1
DA:5,1
DA:7,1
DA:9,1
DA:10,1
DA:12,1
DA:14,1
DA:15,1
DA:16,1
DA:22,1
LF:13
LH:13
BRF:0
BRH:0
end_of_record
TN:
SF:utils/dataUri.js
FN:5,(anonymous_0)
FNF:1
FNH:1
FNDA:1,(anonymous_0)
DA:1,1
DA:3,1
DA:5,1
DA:7,1
DA:9,1
DA:11,1
DA:15,1
LF:7
LH:7
BRF:0
BRH:0
end_of_record
TN:
SF:utils/errorHandler.js
FN:2,(anonymous_0)
FNF:1
FNH:1
FNDA:3,(anonymous_0)
DA:3,3
DA:4,3
DA:9,1
LF:3
LH:3
BRF:0
BRH:0
end_of_record
